<?xml version="1.0" encoding="UTF-8"?>
<testng-results ignored="0" total="2" passed="2" failed="0" skipped="0">
  <reporter-output>
  </reporter-output>
  <suite started-at="2025-02-12T17:20:54Z" name="Default suite" finished-at="2025-02-12T17:21:40Z" duration-ms="45804">
    <groups>
    </groups>
    <test started-at="2025-02-12T17:20:54Z" name="Default test" finished-at="2025-02-12T17:21:40Z" duration-ms="45804">
      <class name="com.qa.testcases.logintestcases">
        <test-method is-config="true" signature="setUp()[pri:0, instance:com.qa.testcases.logintestcases@7dfb0c0f]" started-at="2025-02-12T11:20:54Z" name="setUp" finished-at="2025-02-12T11:21:06Z" duration-ms="12409" status="PASS">
          <reporter-output>
          </reporter-output>
        </test-method> <!-- setUp -->
        <test-method signature="verifyHomePageTitleTest()[pri:1, instance:com.qa.testcases.logintestcases@7dfb0c0f]" started-at="2025-02-12T11:21:06Z" name="verifyHomePageTitleTest" finished-at="2025-02-12T11:21:06Z" duration-ms="97" status="PASS">
          <reporter-output>
          </reporter-output>
        </test-method> <!-- verifyHomePageTitleTest -->
        <test-method is-config="true" signature="tearDown()[pri:0, instance:com.qa.testcases.logintestcases@7dfb0c0f]" started-at="2025-02-12T11:21:06Z" name="tearDown" finished-at="2025-02-12T11:21:07Z" duration-ms="910" status="PASS">
          <reporter-output>
          </reporter-output>
        </test-method> <!-- tearDown -->
        <test-method is-config="true" signature="setUp()[pri:0, instance:com.qa.testcases.logintestcases@7dfb0c0f]" started-at="2025-02-12T11:21:07Z" name="setUp" finished-at="2025-02-12T11:21:19Z" duration-ms="11764" status="PASS">
          <reporter-output>
          </reporter-output>
        </test-method> <!-- setUp -->
        <test-method signature="loginPageTitleTest()[pri:2, instance:com.qa.testcases.logintestcases@7dfb0c0f]" started-at="2025-02-12T11:21:19Z" name="loginPageTitleTest" finished-at="2025-02-12T11:21:39Z" duration-ms="20225" status="PASS">
          <reporter-output>
          </reporter-output>
        </test-method> <!-- loginPageTitleTest -->
        <test-method is-config="true" signature="tearDown()[pri:0, instance:com.qa.testcases.logintestcases@7dfb0c0f]" started-at="2025-02-12T11:21:39Z" name="tearDown" finished-at="2025-02-12T11:21:40Z" duration-ms="382" status="PASS">
          <reporter-output>
          </reporter-output>
        </test-method> <!-- tearDown -->
      </class> <!-- com.qa.testcases.logintestcases -->
    </test> <!-- Default test -->
  </suite> <!-- Default suite -->
</testng-results>
