<?xml version="1.0" encoding="UTF-8"?>
<!-- Generated by org.testng.reporters.JUnitReportReporter -->
<testsuite hostname="Dedeepya" failures="0" tests="2" name="com.qa.testcases.logintestcases" time="45.787" errors="0" timestamp="12 Feb 2025 17:21:40 GMT" skipped="0">
  <testcase classname="com.qa.testcases.logintestcases" name="verifyHomePageTitleTest" time="13.416"/>
  <testcase classname="com.qa.testcases.logintestcases" name="loginPageTitleTest" time="32.371"/>
</testsuite> <!-- com.qa.testcases.logintestcases -->
